2025-09-10 00:07:45,400 INFO  [restartedMain] com.visionrent.VisionrentApplication:Starting VisionrentApplication using Java 17.0.12 with PID 15816 (C:\Users\Administrator\visionrent\target\classes started by Administrator in C:\Users\Administrator\visionrent)
2025-09-10 00:07:45,403 INFO  [restartedMain] com.visionrent.VisionrentApplication:No active profile set, falling back to 1 default profile: "default"
2025-09-10 00:07:45,434 INFO  [restartedMain] org.springframework.boot.devtools.env.DevToolsPropertyDefaultsPostProcessor:Devtools property defaults active! Set 'spring.devtools.add-properties' to 'false' to disable
2025-09-10 00:07:45,434 INFO  [restartedMain] org.springframework.boot.devtools.env.DevToolsPropertyDefaultsPostProcessor:For additional web related logging consider setting the 'logging.level.web' property to 'DEBUG'
2025-09-10 00:07:46,183 INFO  [restartedMain] org.springframework.data.repository.config.RepositoryConfigurationDelegate:Bootstrapping Spring Data JPA repositories in DEFAULT mode.
2025-09-10 00:07:46,232 INFO  [restartedMain] org.springframework.data.repository.config.RepositoryConfigurationDelegate:Finished Spring Data repository scanning in 40 ms. Found 3 JPA repository interfaces.
2025-09-10 00:07:46,571 INFO  [restartedMain] org.springframework.boot.web.embedded.tomcat.TomcatWebServer:Tomcat initialized with port 8080 (http)
2025-09-10 00:07:46,580 INFO  [restartedMain] org.apache.catalina.core.StandardService:Starting service [Tomcat]
2025-09-10 00:07:46,581 INFO  [restartedMain] org.apache.catalina.core.StandardEngine:Starting Servlet engine: [Apache Tomcat/10.1.44]
2025-09-10 00:07:46,610 INFO  [restartedMain] org.apache.catalina.core.ContainerBase.[Tomcat].[localhost].[/]:Initializing Spring embedded WebApplicationContext
2025-09-10 00:07:46,611 INFO  [restartedMain] org.springframework.boot.web.servlet.context.ServletWebServerApplicationContext:Root WebApplicationContext: initialization completed in 1176 ms
2025-09-10 00:07:46,772 INFO  [restartedMain] org.hibernate.jpa.internal.util.LogHelper:HHH000204: Processing PersistenceUnitInfo [name: default]
2025-09-10 00:07:46,834 INFO  [restartedMain] org.hibernate.Version:HHH000412: Hibernate ORM core version 6.6.26.Final
2025-09-10 00:07:46,859 INFO  [restartedMain] org.hibernate.cache.internal.RegionFactoryInitiator:HHH000026: Second-level cache disabled
2025-09-10 00:07:47,059 INFO  [restartedMain] org.springframework.orm.jpa.persistenceunit.SpringPersistenceUnitInfo:No LoadTimeWeaver setup: ignoring JPA class transformer
2025-09-10 00:07:47,080 INFO  [restartedMain] com.zaxxer.hikari.HikariDataSource:HikariPool-1 - Starting...
2025-09-10 00:07:47,187 INFO  [restartedMain] com.zaxxer.hikari.pool.HikariPool:HikariPool-1 - Added connection org.postgresql.jdbc.PgConnection@155d9c60
2025-09-10 00:07:47,188 INFO  [restartedMain] com.zaxxer.hikari.HikariDataSource:HikariPool-1 - Start completed.
2025-09-10 00:07:47,226 WARN  [restartedMain] org.hibernate.orm.deprecation:HHH90000025: PostgreSQLDialect does not need to be specified explicitly using 'hibernate.dialect' (remove the property setting and it will be selected by default)
2025-09-10 00:07:47,240 INFO  [restartedMain] org.hibernate.orm.connections.pooling:HHH10001005: Database info:
	Database JDBC URL [Connecting through datasource 'HikariDataSource (HikariPool-1)']
	Database driver: undefined/unknown
	Database version: 17.5
	Autocommit mode: undefined/unknown
	Isolation level: undefined/unknown
	Minimum pool size: undefined/unknown
	Maximum pool size: undefined/unknown
2025-09-10 00:07:47,837 INFO  [restartedMain] org.hibernate.engine.transaction.jta.platform.internal.JtaPlatformInitiator:HHH000489: No JTA platform available (set 'hibernate.transaction.jta.platform' to enable JTA platform integration)
2025-09-10 00:07:47,902 WARN  [restartedMain] org.hibernate.engine.jdbc.spi.SqlExceptionHelper:SQL Warning Code: 0, SQLState: 00000
2025-09-10 00:07:47,903 WARN  [restartedMain] org.hibernate.engine.jdbc.spi.SqlExceptionHelper:constraint "uki6qjjoe560mee5ajdg7v1o6mi" of relation "t_user" does not exist, skipping
2025-09-10 00:07:47,907 INFO  [restartedMain] org.springframework.orm.jpa.LocalContainerEntityManagerFactoryBean:Initialized JPA EntityManagerFactory for persistence unit 'default'
2025-09-10 00:07:48,149 WARN  [restartedMain] org.springframework.boot.autoconfigure.orm.jpa.JpaBaseConfiguration$JpaWebConfiguration:spring.jpa.open-in-view is enabled by default. Therefore, database queries may be performed during view rendering. Explicitly configure spring.jpa.open-in-view to disable this warning
2025-09-10 00:07:48,493 INFO  [restartedMain] org.springframework.security.config.annotation.authentication.configuration.InitializeUserDetailsBeanManagerConfigurer$InitializeUserDetailsManagerConfigurer:Global AuthenticationManager configured with UserDetailsService bean with name userDetailsServiceImpl
2025-09-10 00:07:48,567 INFO  [restartedMain] org.springframework.boot.actuate.endpoint.web.EndpointLinksResolver:Exposing 1 endpoint beneath base path '/actuator'
2025-09-10 00:07:48,620 INFO  [restartedMain] org.springframework.boot.devtools.autoconfigure.OptionalLiveReloadServer:LiveReload server is running on port 35729
2025-09-10 00:07:48,663 INFO  [restartedMain] org.springframework.boot.web.embedded.tomcat.TomcatWebServer:Tomcat started on port 8080 (http) with context path '/'
2025-09-10 00:07:48,672 INFO  [restartedMain] com.visionrent.VisionrentApplication:Started VisionrentApplication in 3.62 seconds (process running for 4.087)
2025-09-10 00:07:49,043 INFO  [RMI TCP Connection(2)-192.168.50.207] org.apache.catalina.core.ContainerBase.[Tomcat].[localhost].[/]:Initializing Spring DispatcherServlet 'dispatcherServlet'
2025-09-10 00:15:45,637 INFO  [SpringApplicationShutdownHook] org.springframework.boot.web.embedded.tomcat.GracefulShutdown:Commencing graceful shutdown. Waiting for active requests to complete
2025-09-10 00:15:45,687 INFO  [tomcat-shutdown] org.springframework.boot.web.embedded.tomcat.GracefulShutdown:Graceful shutdown complete
2025-09-10 00:15:45,690 INFO  [SpringApplicationShutdownHook] org.springframework.orm.jpa.LocalContainerEntityManagerFactoryBean:Closing JPA EntityManagerFactory for persistence unit 'default'
2025-09-10 00:15:45,692 INFO  [SpringApplicationShutdownHook] com.zaxxer.hikari.HikariDataSource:HikariPool-1 - Shutdown initiated...
2025-09-10 00:15:45,694 INFO  [SpringApplicationShutdownHook] com.zaxxer.hikari.HikariDataSource:HikariPool-1 - Shutdown completed.
